<?xml version="1.0" encoding="UTF-8"?>
<testng-results ignored="0" total="1" passed="1" failed="0" skipped="0">
  <reporter-output>
  </reporter-output>
  <suite started-at="2024-06-03T22:01:21 IST" name="Default suite" finished-at="2024-06-03T22:01:25 IST" duration-ms="4201">
    <groups>
    </groups>
    <test started-at="2024-06-03T22:01:21 IST" name="Default test" finished-at="2024-06-03T22:01:25 IST" duration-ms="4201">
      <class name="com.test.GetRequest">
        <test-method is-config="true" signature="setUpSuite()[pri:0, instance:com.test.GetRequest@470734c3]" started-at="2024-06-03T22:01:21 IST" name="setUpSuite" finished-at="2024-06-03T22:01:21 IST" duration-ms="18" status="PASS">
          <reporter-output>
          </reporter-output>
        </test-method> <!-- setUpSuite -->
        <test-method is-config="true" signature="setUp()[pri:0, instance:com.test.GetRequest@470734c3]" started-at="2024-06-03T22:01:21 IST" name="setUp" finished-at="2024-06-03T22:01:21 IST" duration-ms="1" status="PASS">
          <reporter-output>
          </reporter-output>
        </test-method> <!-- setUp -->
        <test-method signature="getTest()[pri:0, instance:com.test.GetRequest@470734c3]" started-at="2024-06-03T22:01:21 IST" name="getTest" finished-at="2024-06-03T22:01:25 IST" duration-ms="4127" status="PASS">
          <reporter-output>
          </reporter-output>
        </test-method> <!-- getTest -->
        <test-method is-config="true" signature="teardown()[pri:0, instance:com.test.GetRequest@470734c3]" started-at="2024-06-03T22:01:25 IST" name="teardown" finished-at="2024-06-03T22:01:25 IST" duration-ms="1" status="PASS">
          <reporter-output>
          </reporter-output>
        </test-method> <!-- teardown -->
        <test-method is-config="true" signature="tearDownSuite()[pri:0, instance:com.test.GetRequest@470734c3]" started-at="2024-06-03T22:01:25 IST" name="tearDownSuite" finished-at="2024-06-03T22:01:25 IST" duration-ms="1" status="PASS">
          <reporter-output>
          </reporter-output>
        </test-method> <!-- tearDownSuite -->
      </class> <!-- com.test.GetRequest -->
    </test> <!-- Default test -->
  </suite> <!-- Default suite -->
</testng-results>
